0 info it worked if it ends with ok
1 verbose cli [ 'node',
1 verbose cli   '/usr/local/bin/npm',
1 verbose cli   'install',
1 verbose cli   'cookie-parser',
1 verbose cli   '--save' ]
2 info using npm@1.4.28
3 info using node@v0.10.32
4 warn package.json GSM@1.0.0 No README data
5 verbose readDependencies using package.json deps
6 verbose cache add [ 'cookie-parser', null ]
7 verbose cache add name=undefined spec="cookie-parser" args=["cookie-parser",null]
8 verbose parsed url { protocol: null,
8 verbose parsed url   slashes: null,
8 verbose parsed url   auth: null,
8 verbose parsed url   host: null,
8 verbose parsed url   port: null,
8 verbose parsed url   hostname: null,
8 verbose parsed url   hash: null,
8 verbose parsed url   search: null,
8 verbose parsed url   query: null,
8 verbose parsed url   pathname: 'cookie-parser',
8 verbose parsed url   path: 'cookie-parser',
8 verbose parsed url   href: 'cookie-parser' }
9 silly lockFile 558682e9-cookie-parser cookie-parser
10 verbose lock cookie-parser /Users/Gu/.npm/558682e9-cookie-parser.lock
11 silly lockFile 558682e9-cookie-parser cookie-parser
12 silly lockFile 558682e9-cookie-parser cookie-parser
13 verbose addNamed [ 'cookie-parser', '' ]
14 verbose addNamed [ null, '*' ]
15 silly lockFile 96095670-cookie-parser cookie-parser@
16 verbose lock cookie-parser@ /Users/Gu/.npm/96095670-cookie-parser.lock
17 silly addNameRange { name: 'cookie-parser', range: '*', hasData: false }
18 verbose request where is /cookie-parser
19 verbose request registry https://registry.npmjs.org/
20 verbose request id b478f7542b6a51a3
21 verbose url raw /cookie-parser
22 verbose url resolving [ 'https://registry.npmjs.org/', './cookie-parser' ]
23 verbose url resolved https://registry.npmjs.org/cookie-parser
24 verbose request where is https://registry.npmjs.org/cookie-parser
25 info trying registry request attempt 1 at 14:10:50
26 verbose etag "8A1YHEHALF2XQE67J11GJQGAT"
27 http GET https://registry.npmjs.org/cookie-parser
28 http 200 https://registry.npmjs.org/cookie-parser
29 silly registry.get cb [ 200,
29 silly registry.get   { server: 'CouchDB/1.5.0 (Erlang OTP/R16B03)',
29 silly registry.get     etag: '"DLPPHHGG55OXESQMLEF5U3MXV"',
29 silly registry.get     'content-type': 'application/json',
29 silly registry.get     'cache-control': 'max-age=60',
29 silly registry.get     'content-length': '17249',
29 silly registry.get     'accept-ranges': 'bytes',
29 silly registry.get     date: 'Mon, 29 Jun 2015 21:10:50 GMT',
29 silly registry.get     via: '1.1 varnish',
29 silly registry.get     age: '56',
29 silly registry.get     connection: 'keep-alive',
29 silly registry.get     'x-served-by': 'cache-dfw1823-DFW',
29 silly registry.get     'x-cache': 'HIT',
29 silly registry.get     'x-cache-hits': '42',
29 silly registry.get     'x-timer': 'S1435612250.853606,VS0,VE0',
29 silly registry.get     vary: 'Accept' } ]
30 silly addNameRange number 2 { name: 'cookie-parser', range: '*', hasData: true }
31 silly addNameRange versions [ 'cookie-parser',
31 silly addNameRange   [ '1.0.0',
31 silly addNameRange     '1.0.1',
31 silly addNameRange     '1.1.0',
31 silly addNameRange     '1.2.0',
31 silly addNameRange     '1.3.0',
31 silly addNameRange     '1.3.1',
31 silly addNameRange     '1.3.2',
31 silly addNameRange     '1.3.3',
31 silly addNameRange     '1.3.4',
31 silly addNameRange     '1.3.5' ] ]
32 verbose addNamed [ 'cookie-parser', '1.3.5' ]
33 verbose addNamed [ '1.3.5', '1.3.5' ]
34 silly lockFile b6f1abc3-cookie-parser-1-3-5 cookie-parser@1.3.5
35 verbose lock cookie-parser@1.3.5 /Users/Gu/.npm/b6f1abc3-cookie-parser-1-3-5.lock
36 silly lockFile 4c901309-e-parser-cookie-parser-1-3-5-tgz https://registry.npmjs.org/cookie-parser/-/cookie-parser-1.3.5.tgz
37 verbose lock https://registry.npmjs.org/cookie-parser/-/cookie-parser-1.3.5.tgz /Users/Gu/.npm/4c901309-e-parser-cookie-parser-1-3-5-tgz.lock
38 verbose addRemoteTarball [ 'https://registry.npmjs.org/cookie-parser/-/cookie-parser-1.3.5.tgz',
38 verbose addRemoteTarball   '9d755570fb5d17890771227a02314d9be7cf8356' ]
39 info retry fetch attempt 1 at 14:10:51
40 verbose fetch to= /var/folders/6f/r43d15wx03j0h2qd4kv2rsyh0000gn/T/npm-12946-Re9EwrpK/registry.npmjs.org/cookie-parser/-/cookie-parser-1.3.5.tgz
41 http GET https://registry.npmjs.org/cookie-parser/-/cookie-parser-1.3.5.tgz
42 http 200 https://registry.npmjs.org/cookie-parser/-/cookie-parser-1.3.5.tgz
43 silly lockFile 4c901309-e-parser-cookie-parser-1-3-5-tgz https://registry.npmjs.org/cookie-parser/-/cookie-parser-1.3.5.tgz
44 silly lockFile 4c901309-e-parser-cookie-parser-1-3-5-tgz https://registry.npmjs.org/cookie-parser/-/cookie-parser-1.3.5.tgz
45 silly lockFile b6f1abc3-cookie-parser-1-3-5 cookie-parser@1.3.5
46 silly lockFile b6f1abc3-cookie-parser-1-3-5 cookie-parser@1.3.5
47 silly lockFile 96095670-cookie-parser cookie-parser@
48 silly lockFile 96095670-cookie-parser cookie-parser@
49 error Error: EACCES, mkdir '/Users/Gu/.npm/cookie-parser/1.3.5'
49 error  { [Error: EACCES, mkdir '/Users/Gu/.npm/cookie-parser/1.3.5']
49 error   errno: 3,
49 error   code: 'EACCES',
49 error   path: '/Users/Gu/.npm/cookie-parser/1.3.5',
49 error   parent: 'GSM' }
50 error Please try running this command again as root/Administrator.
51 error System Darwin 14.3.0
52 error command "node" "/usr/local/bin/npm" "install" "cookie-parser" "--save"
53 error cwd /Users/Gu/TheGuSystem/Work/Programming/ServerProjects/GSM
54 error node -v v0.10.32
55 error npm -v 1.4.28
56 error path /Users/Gu/.npm/cookie-parser/1.3.5
57 error code EACCES
58 error errno 3
59 error stack Error: EACCES, mkdir '/Users/Gu/.npm/cookie-parser/1.3.5'
60 verbose exit [ 3, true ]
